{"level":"\u001b[32minfo\u001b[39m","message":"\tServer started on Mon Oct 18 2021 16:28:19 GMT+0530 (India Standard Time) ","requestId":null,"timestamp":"Oct-18-2021 16:28:20"}
{"level":"\u001b[32minfo\u001b[39m","message":"\tserver is running at http://0.0.0.0:8081 ","requestId":null,"timestamp":"Oct-18-2021 16:28:20"}
{"level":"\u001b[32minfo\u001b[39m","message":"\tundefined ","requestId":null,"timestamp":"Oct-18-2021 16:28:20"}
{"level":"\u001b[32minfo\u001b[39m","message":"\tConnected to Database ","requestId":null,"timestamp":"Oct-18-2021 16:28:20"}
{"level":"\u001b[32minfo\u001b[39m","message":"\tHttp server closed. ","requestId":null,"timestamp":"Oct-18-2021 16:29:34"}
{"level":"\u001b[32minfo\u001b[39m","message":"\tMongoDb connection closed. ","requestId":null,"timestamp":"Oct-18-2021 16:29:34"}
{"level":"\u001b[32minfo\u001b[39m","message":"\tServer started on Mon Oct 18 2021 16:30:32 GMT+0530 (India Standard Time) ","requestId":null,"timestamp":"Oct-18-2021 16:30:32"}
{"level":"\u001b[32minfo\u001b[39m","message":"\tConnected to Database ","requestId":null,"timestamp":"Oct-18-2021 16:30:32"}
{"level":"\u001b[32minfo\u001b[39m","message":"\tserver is running at http://0.0.0.0:8081 ","requestId":null,"timestamp":"Oct-18-2021 16:30:32"}
{"level":"\u001b[32minfo\u001b[39m","message":"\tundefined ","requestId":null,"timestamp":"Oct-18-2021 16:30:32"}
{"level":"\u001b[31merror\u001b[39m","message":"\tRequested API route is not found ","requestId":null,"timestamp":"Oct-18-2021 16:30:45"}
{"level":"\u001b[32minfo\u001b[39m","message":"\tServer started on Mon Oct 18 2021 17:26:48 GMT+0530 (India Standard Time) ","requestId":null,"timestamp":"Oct-18-2021 17:26:48"}
{"level":"\u001b[32minfo\u001b[39m","message":"\tConnected to Database ","requestId":null,"timestamp":"Oct-18-2021 17:26:48"}
{"level":"\u001b[32minfo\u001b[39m","message":"\tserver is running at http://0.0.0.0:8081 ","requestId":null,"timestamp":"Oct-18-2021 17:26:48"}
{"level":"\u001b[32minfo\u001b[39m","message":"\tundefined ","requestId":null,"timestamp":"Oct-18-2021 17:26:48"}
{"level":"\u001b[31merror\u001b[39m","message":"\tRequested API route is not found ","requestId":null,"timestamp":"Oct-18-2021 17:27:13"}
{"level":"\u001b[32minfo\u001b[39m","message":"\tMongoDb connection closed. ","requestId":null,"timestamp":"Oct-18-2021 17:29:09"}
{"level":"\u001b[32minfo\u001b[39m","message":"\tServer started on Mon Oct 18 2021 17:29:14 GMT+0530 (India Standard Time) ","requestId":null,"timestamp":"Oct-18-2021 17:29:14"}
{"level":"\u001b[32minfo\u001b[39m","message":"\tConnected to Database ","requestId":null,"timestamp":"Oct-18-2021 17:29:14"}
{"level":"\u001b[32minfo\u001b[39m","message":"\tserver is running at http://0.0.0.0:8081 ","requestId":null,"timestamp":"Oct-18-2021 17:29:14"}
{"level":"\u001b[32minfo\u001b[39m","message":"\tundefined ","requestId":null,"timestamp":"Oct-18-2021 17:29:14"}
